[Debug][kern::hardware::apic]: [APIC] 0x273at in 10ms, 1 t/us (x4)
[Debug][kern::hardware::resman]: [RESMAN] Registering Core 0
[Debug][kern::hardware::pic]: PIC1 Mask: 0xf8, PIC2 Mask 0xff
[Info][kern::init::init]: [ACPI] ACPI Table Loaded
[Info][kern::device::pci]: [PCI] Initializing PCI Devices
[Debug][kern::device::pci]: USB on 0000:01:02 
[Debug][kern::device::usb]: [USB] Unknown USB Host Type at 0000:01:02: SerialBusController(USBController(UHCI))
[Debug][kern::device::pci]: USB on 0000:02:00 
[Debug][kern::device::usb::xhci]: XHCI Device on: 0000:02:0 -> [1912]:[0015]
[Info][kern::device::usb::xhci]: XHCI Size: 8191
[Debug][kern::device::usb::xhci]: [XHCI] Address: PhysAddr(0xc0000000), size: 8191, offset:0
[Debug][kern::device::usb::xhci]: [XHCI] Allocated: 8192 bytes MMIO Space, starting: VirtAddr(0xffffc00000001000)
[Debug][kern::device::usb::xhci]: [XHCI] Mapping offset: 0, va: VirtAddr(0xffffc00000001000) pa: PhysAddr(0xc0000000)
[Debug][kern::device::usb::xhci]: [XHCI] Mapping offset: 4096, va: VirtAddr(0xffffc00000002000) pa: PhysAddr(0xc0001000)
[Info][xhci]: Page Size: 1
[Info][xhci]: Status: 0x1
[Debug][xhci]: did reset
[Debug][xhci]: [XHCI] HCS1: 0x4000820
[Debug][xhci]: [XHCI] PageSize = 4096
[Debug][xhci]: [XHCI] controller use 64 bytes context
[Error][xhci]: [XHCI] 64 bytes context not supported yet
[Info][xhci]: [XHCI] Controller Support Power Power
[Debug][xhci]: [XHCI] nmbrSlot= 32, nmbrPorts = 4
[Debug][xhci]: [XHCI] DCBAA Setup complete
[Debug][xhci]: [XHCI] CRCR initial 0
[Info][xhci]: current crcr: 0x0
[Debug][xhci]: [XHCI] CRCR Setup complete
[Debug][xhci]: [XHCI] Done memory initialization
[Debug][xhci]: [XHCI] Starting the controller
[Debug][xhci]: [XHCI] Started.
[Debug][xhci]: [XHCI] Controller with version 0100
[Debug][xhci]: [XHCI] Sending NOOP on index (0, 0)
[Debug][xhci]: Got command completion: CommandCompletionTRB { trb_pointer: 18997248, params: [0, 0, 0], code: 1, flags: 33793, vfid: 0, slot: 0 }
[Debug][xhci]: NoOP Complete at 0x121e000
[Debug][xhci]: [XHCI] Port 1 not powered. Powering On
[Debug][xhci]: [XHCI] port 1 powerup complete: status=0x2a0
[Info][xhci]: Port 1: connected=false
[Debug][xhci]: [XHCI] Port 2 not powered. Powering On
[Debug][xhci]: [XHCI] port 2 powerup complete: status=0x2a0
[Info][xhci]: Port 2: connected=false
[Debug][xhci]: [XHCI] Port 3 not powered. Powering On
[Debug][xhci]: [XHCI] port 3 powerup complete: status=0x201
[Info][xhci]: Port 3: connected=true
[Debug][xhci]: [XHCI] port 3 reset
[Debug][xhci]: Got command completion: CommandCompletionTRB { trb_pointer: 18997264, params: [0, 0, 0], code: 1, flags: 33793, vfid: 0, slot: 1 }
[Info][xhci]: Got slot id: 1
[Debug][xhci]: configure_endpoint(slot_id: 1, raw_ep: 0, index: 0)
[Debug][xhci]: Got command completion: CommandCompletionTRB { trb_pointer: 18997280, params: [0, 0, 0], code: 1, flags: 33793, vfid: 0, slot: 1 }
[Debug][xhci]: Slot Setup
[Debug][xhci]: Transfer Complete: status = Success
[Debug][xhci]: First descriptor: [18, 1, 16, 1, 0, 0, 0, 8]
[Debug][xhci]: [XHCI] port 3 reset
[Debug][xhci]: configure_endpoint(slot_id: 1, raw_ep: 0, index: 0)
[Debug][xhci]: Lol: TransferEvent(TransferEventTRB { ptr: 19030064, status: TransferEventTRBStatusWord { data: [0, 0, 0, 1] }, flags: 32769, endpoint: 1, slot: 1 })
[Debug][xhci]: Got command completion: CommandCompletionTRB { trb_pointer: 18997296, params: [0, 0, 0], code: 1, flags: 33793, vfid: 0, slot: 1 }
[Debug][xhci]: Transfer Complete: status = Success
[Debug][xhci]: Device Descriptor: USBDeviceDescriptor {
    length: 18,
    descriptor_type: 1,
    version: 272,
    class: 0,
    sub_class: 0,
    protocol: 0,
    max_packet_size: 8,
    vid: 1204,
    pid: 257,
    dev_version: 1,
    manufacturer_index: 1,
    product_index: 2,
    serial_index: 3,
    config_count: 1,
}
[Debug][xhci]: Transfer Complete: status = Success
[Debug][xhci]: Transfer Complete: status = Success
[Debug][xhci]: Transfer Complete: status = Success
[Debug][xhci]: Transfer Complete: status = Success
[Debug][xhci]: [USB] Unexpected descriptor type: 33
[Debug][xhci]: [USB] Unexpected descriptor type: 33
[Debug][xhci]: configuration: USBConfigurationDescriptorSet {
    config: USBConfigurationDescriptor {
        length: 9,
        descriptor_type: 2,
        total_length: [
            59,
            0,
        ],
        num_interfaces: 2,
        config_val: 1,
        config_string: 4,
        attrs: 160,
        max_power: 50,
    },
    ifsets: [
        USBInterfaceDescriptorSet {
            interface: USBInterfaceDescriptor {
                length: 9,
                descriptor_type: 4,
                interface_number: 0,
                alt_set: 0,
                num_ep: 1,
                class: 3,
                sub_class: 1,
                protocol: 1,
                ifstr_index: 5,
            },
            endpoints: [
                USBEndpointDescriptor {
                    length: 7,
                    descriptor_type: 5,
                    address: 129,
                    attr: 3,
                    max_packet_size: 8,
                    interval: 10,
                },
            ],
        },
        USBInterfaceDescriptorSet {
            interface: USBInterfaceDescriptor {
                length: 9,
                descriptor_type: 4,
                interface_number: 1,
                alt_set: 0,
                num_ep: 1,
                class: 3,
                sub_class: 1,
                protocol: 2,
                ifstr_index: 6,
            },
            endpoints: [
                USBEndpointDescriptor {
                    length: 7,
                    descriptor_type: 5,
                    address: 130,
                    attr: 3,
                    max_packet_size: 8,
                    interval: 10,
                },
            ],
        },
    ],
}
[Debug][xhci]: Transfer Complete: status = Success
[Debug][xhci]: Transfer Complete: status = Success
[Debug][xhci]: Transfer Complete: status = Success
[Debug][xhci]: Transfer Complete: status = Success
[Debug][xhci]: Transfer Complete: status = Success
[Debug][xhci]: Transfer Complete: status = Success
[Debug][xhci]: [XHCI] New device:
  MFG: BOCHS
  Prd:USB/PS2 Keypad
  Serial:1
[Debug][xhci]: configure_endpoint(slot_id: 1, raw_ep: 129, index: 2)
[Debug][xhci]: sending keyboard configure endpoint
[Debug][xhci]: Lol: TransferEvent(TransferEventTRB { ptr: 19046768, status: TransferEventTRBStatusWord { data: [0, 0, 0, 1] }, flags: 32769, endpoint: 1, slot: 1 })
[Debug][xhci]: Lol: TransferEvent(TransferEventTRB { ptr: 0, status: TransferEventTRBStatusWord { data: [0, 0, 0, 1] }, flags: 32773, endpoint: 1, slot: 1 })
[Debug][xhci]: Lol: TransferEvent(TransferEventTRB { ptr: 19046832, status: TransferEventTRBStatusWord { data: [0, 0, 0, 1] }, flags: 32769, endpoint: 1, slot: 1 })
[Debug][xhci]: Lol: TransferEvent(TransferEventTRB { ptr: 0, status: TransferEventTRBStatusWord { data: [0, 0, 0, 1] }, flags: 32773, endpoint: 1, slot: 1 })
[Debug][xhci]: Lol: TransferEvent(TransferEventTRB { ptr: 19046896, status: TransferEventTRBStatusWord { data: [0, 0, 0, 1] }, flags: 32769, endpoint: 1, slot: 1 })
[Debug][xhci]: Lol: TransferEvent(TransferEventTRB { ptr: 0, status: TransferEventTRBStatusWord { data: [0, 0, 0, 1] }, flags: 32773, endpoint: 1, slot: 1 })
[Debug][xhci]: Lol: TransferEvent(TransferEventTRB { ptr: 19046960, status: TransferEventTRBStatusWord { data: [0, 0, 0, 1] }, flags: 32769, endpoint: 1, slot: 1 })
[Debug][xhci]: Lol: TransferEvent(TransferEventTRB { ptr: 0, status: TransferEventTRBStatusWord { data: [0, 0, 0, 1] }, flags: 32773, endpoint: 1, slot: 1 })
[Debug][xhci]: Lol: TransferEvent(TransferEventTRB { ptr: 19047024, status: TransferEventTRBStatusWord { data: [0, 0, 0, 1] }, flags: 32769, endpoint: 1, slot: 1 })
[Debug][xhci]: Lol: TransferEvent(TransferEventTRB { ptr: 0, status: TransferEventTRBStatusWord { data: [0, 0, 0, 1] }, flags: 32773, endpoint: 1, slot: 1 })
[Debug][xhci]: Lol: TransferEvent(TransferEventTRB { ptr: 19047088, status: TransferEventTRBStatusWord { data: [0, 0, 0, 1] }, flags: 32769, endpoint: 1, slot: 1 })
[Debug][xhci]: trb_pointer badddddd: CommandCompletionTRB { trb_pointer: 18997312, params: [0, 0, 0], code: 1, flags: 33793, vfid: 0, slot: 1 }
[Debug][xhci]: Got command completion: CommandCompletionTRB { trb_pointer: 18997328, params: [0, 0, 0], code: 1, flags: 33793, vfid: 0, slot: 1 }
[Debug][xhci]: done keyboard                     self.hal.sleep(Duration::from_secs(3));
configure endpoint
[Debug][xhci]: Transfer Complete: status = Success
[Debug][xhci]: Applied Config 1
[Debug][xhci]: Transfer Complete: status = Success
[Debug][xhci]: Transfer Complete: status = Success
[Debug][xhci]: Transfer Complete: status = Success
[Info][xhci]: got response: [0, 0, 0, 0, 0, 0, 0, 0]
[Debug][xhci]: Transfer Complete: status = Success
[Info][xhci]: got response: [0, 0, 93, 0, 0, 0, 0, 0]
[Debug][xhci]: Transfer Complete: status = Success
[Info][xhci]: got response: [0, 0, 93, 0, 0, 0, 0, 0]
[Debug][xhci]: Transfer Complete: status = Success
[Info][xhci]: got response: [0, 0, 0, 0, 0, 0, 0, 0]
[Debug][xhci]: Transfer Complete: status = Success
[Info][xhci]: got response: [0, 0, 0, 0, 0, 0, 0, 0]
[Debug][xhci]: Transfer Complete: status = Success
[Info][xhci]: got response: [0, 0, 90, 0, 0, 0, 0, 0]
[Debug][xhci]: Transfer Complete: status = Success
[Info][xhci]: got response: [0, 0, 0, 0, 0, 0, 0, 0]
[Debug][xhci]: Transfer Complete: status = Success
[Info][xhci]: got response: [0, 0, 0, 0, 0, 0, 0, 0]
[Debug][xhci]: Transfer Complete: status = Success
[Info][xhci]: got response: [0, 0, 0, 0, 0, 0, 0, 0]
[Debug][xhci]: Transfer Complete: status = Success
[Info][xhci]: got response: [0, 0, 92, 0, 0, 0, 0, 0]
[Debug][xhci]: Transfer Complete: status = Success
[Info][xhci]: got response: [0, 0, 0, 0, 0, 0, 0, 0]
[Debug][xhci]: Transfer Complete: status = Success
[Info][xhci]: got response: [0, 0, 0, 0, 0, 0, 0, 0]
[Debug][xhci]: Transfer Complete: status = Success
[Info][xhci]: got response: [0, 0, 92, 0, 0, 0, 0, 0]
[Debug][xhci]: Transfer Complete: status = Success
[Info][xhci]: got response: [0, 0, 92, 0, 0, 0, 0, 0]
[Debug][xhci]: Transfer Complete: status = Success
[Info][xhci]: got response: [0, 0, 93, 0, 0, 0, 0, 0]
[Debug][xhci]: Transfer Complete: status = Success
[Info][xhci]: got response: [0, 0, 93, 0, 0, 0, 0, 0]
[Debug][xhci]: Transfer Complete: status = Success
[Info][xhci]: got response: [0, 0, 0, 0, 0, 0, 0, 0]
[Debug][xhci]: Transfer Complete: status = Success
[Info][xhci]: got response: [0, 0, 94, 0, 0, 0, 0, 0]
[Debug][xhci]: Transfer Complete: status = Success
[Info][xhci]: got response: [0, 0, 0, 0, 0, 0, 0, 0]
[Debug][xhci]: Transfer Complete: status = Success
[Info][xhci]: got response: [0, 0, 0, 0, 0, 0, 0, 0]
[Debug][xhci]: Skipping non keyboard
[Debug][xhci]: [XHCI] Port 4 not powered. Powering On
[Debug][xhci]: [XHCI] port 4 powerup complete: status=0x200
[Info][xhci]: Port 4: connected=false
[Info][xhci]: current crcr: 0x8
[Info][xhci]: did stuff successfully
[Error][kern::device::usb::xhci]: [XHCI] No XHCI Controller Found
[Info][kern::device::pci]: [PCI] Initialization Complete
